C:\USERS\CAILIN\DOCUMENTS\VISUAL STUDIO 2012\PROJECTS\REGEX-NFA\REGEX-NFA\DEBUG\VC110.PDB
C:\USERS\CAILIN\DOCUMENTS\VISUAL STUDIO 2012\PROJECTS\REGEX-NFA\REGEX-NFA\DEBUG\ASTCREATER.OBJ
C:\USERS\CAILIN\DOCUMENTS\VISUAL STUDIO 2012\PROJECTS\REGEX-NFA\REGEX-NFA\DEBUG\MAIN.OBJ
C:\USERS\CAILIN\DOCUMENTS\VISUAL STUDIO 2012\PROJECTS\REGEX-NFA\REGEX-NFA\DEBUG\TOKENIZER.OBJ
C:\USERS\CAILIN\DOCUMENTS\VISUAL STUDIO 2012\PROJECTS\REGEX-NFA\REGEX-NFA\DEBUG\NFACREATER.OBJ
C:\USERS\CAILIN\DOCUMENTS\VISUAL STUDIO 2012\PROJECTS\REGEX-NFA\REGEX-NFA\DEBUG\NFA_GRAPHICS.OBJ
C:\USERS\CAILIN\DOCUMENTS\VISUAL STUDIO 2012\PROJECTS\REGEX-NFA\DEBUG\REGEX-NFA.ILK
C:\USERS\CAILIN\DOCUMENTS\VISUAL STUDIO 2012\PROJECTS\REGEX-NFA\DEBUG\REGEX-NFA.EXE
C:\USERS\CAILIN\DOCUMENTS\VISUAL STUDIO 2012\PROJECTS\REGEX-NFA\DEBUG\REGEX-NFA.PDB
C:\Users\CaiLin\documents\visual studio 2012\Projects\Regex-NFA\Regex-NFA\Debug\ASTCreater.obj
C:\Users\CaiLin\documents\visual studio 2012\Projects\Regex-NFA\Regex-NFA\Debug\main.obj
C:\Users\CaiLin\documents\visual studio 2012\Projects\Regex-NFA\Regex-NFA\Debug\NFACreater.obj
C:\Users\CaiLin\documents\visual studio 2012\Projects\Regex-NFA\Regex-NFA\Debug\NFA_Graphics.obj
C:\Users\CaiLin\documents\visual studio 2012\Projects\Regex-NFA\Regex-NFA\Debug\Tokenizer.obj
C:\Users\CaiLin\documents\visual studio 2012\Projects\Regex-NFA\Regex-NFA\Debug\cl.command.1.tlog
C:\Users\CaiLin\documents\visual studio 2012\Projects\Regex-NFA\Regex-NFA\Debug\CL.read.1.tlog
C:\Users\CaiLin\documents\visual studio 2012\Projects\Regex-NFA\Regex-NFA\Debug\CL.write.1.tlog
C:\Users\CaiLin\documents\visual studio 2012\Projects\Regex-NFA\Regex-NFA\Debug\link-cvtres.read.1.tlog
C:\Users\CaiLin\documents\visual studio 2012\Projects\Regex-NFA\Regex-NFA\Debug\link-cvtres.write.1.tlog
C:\Users\CaiLin\documents\visual studio 2012\Projects\Regex-NFA\Regex-NFA\Debug\link-rc.read.1.tlog
C:\Users\CaiLin\documents\visual studio 2012\Projects\Regex-NFA\Regex-NFA\Debug\link-rc.write.1.tlog
C:\Users\CaiLin\documents\visual studio 2012\Projects\Regex-NFA\Regex-NFA\Debug\link.1412-cvtres.read.1.tlog
C:\Users\CaiLin\documents\visual studio 2012\Projects\Regex-NFA\Regex-NFA\Debug\link.1412-cvtres.write.1.tlog
C:\Users\CaiLin\documents\visual studio 2012\Projects\Regex-NFA\Regex-NFA\Debug\link.1412-rc.read.1.tlog
C:\Users\CaiLin\documents\visual studio 2012\Projects\Regex-NFA\Regex-NFA\Debug\link.1412-rc.write.1.tlog
C:\Users\CaiLin\documents\visual studio 2012\Projects\Regex-NFA\Regex-NFA\Debug\link.1412.read.1.tlog
C:\Users\CaiLin\documents\visual studio 2012\Projects\Regex-NFA\Regex-NFA\Debug\link.1412.write.1.tlog
C:\Users\CaiLin\documents\visual studio 2012\Projects\Regex-NFA\Regex-NFA\Debug\link.2340-cvtres.read.1.tlog
C:\Users\CaiLin\documents\visual studio 2012\Projects\Regex-NFA\Regex-NFA\Debug\link.2340-cvtres.write.1.tlog
C:\Users\CaiLin\documents\visual studio 2012\Projects\Regex-NFA\Regex-NFA\Debug\link.2340-rc.read.1.tlog
C:\Users\CaiLin\documents\visual studio 2012\Projects\Regex-NFA\Regex-NFA\Debug\link.2340-rc.write.1.tlog
C:\Users\CaiLin\documents\visual studio 2012\Projects\Regex-NFA\Regex-NFA\Debug\link.2340.read.1.tlog
C:\Users\CaiLin\documents\visual studio 2012\Projects\Regex-NFA\Regex-NFA\Debug\link.2340.write.1.tlog
C:\Users\CaiLin\documents\visual studio 2012\Projects\Regex-NFA\Regex-NFA\Debug\link.2564-cvtres.read.1.tlog
C:\Users\CaiLin\documents\visual studio 2012\Projects\Regex-NFA\Regex-NFA\Debug\link.2564-cvtres.write.1.tlog
C:\Users\CaiLin\documents\visual studio 2012\Projects\Regex-NFA\Regex-NFA\Debug\link.2564-rc.read.1.tlog
C:\Users\CaiLin\documents\visual studio 2012\Projects\Regex-NFA\Regex-NFA\Debug\link.2564-rc.write.1.tlog
C:\Users\CaiLin\documents\visual studio 2012\Projects\Regex-NFA\Regex-NFA\Debug\link.2564.read.1.tlog
C:\Users\CaiLin\documents\visual studio 2012\Projects\Regex-NFA\Regex-NFA\Debug\link.2564.write.1.tlog
C:\Users\CaiLin\documents\visual studio 2012\Projects\Regex-NFA\Regex-NFA\Debug\link.2876-cvtres.read.1.tlog
C:\Users\CaiLin\documents\visual studio 2012\Projects\Regex-NFA\Regex-NFA\Debug\link.2876-cvtres.write.1.tlog
C:\Users\CaiLin\documents\visual studio 2012\Projects\Regex-NFA\Regex-NFA\Debug\link.2876-rc.read.1.tlog
C:\Users\CaiLin\documents\visual studio 2012\Projects\Regex-NFA\Regex-NFA\Debug\link.2876-rc.write.1.tlog
C:\Users\CaiLin\documents\visual studio 2012\Projects\Regex-NFA\Regex-NFA\Debug\link.2876.read.1.tlog
C:\Users\CaiLin\documents\visual studio 2012\Projects\Regex-NFA\Regex-NFA\Debug\link.2876.write.1.tlog
C:\Users\CaiLin\documents\visual studio 2012\Projects\Regex-NFA\Regex-NFA\Debug\link.3024-cvtres.read.1.tlog
C:\Users\CaiLin\documents\visual studio 2012\Projects\Regex-NFA\Regex-NFA\Debug\link.3024-cvtres.write.1.tlog
C:\Users\CaiLin\documents\visual studio 2012\Projects\Regex-NFA\Regex-NFA\Debug\link.3024-rc.read.1.tlog
C:\Users\CaiLin\documents\visual studio 2012\Projects\Regex-NFA\Regex-NFA\Debug\link.3024-rc.write.1.tlog
C:\Users\CaiLin\documents\visual studio 2012\Projects\Regex-NFA\Regex-NFA\Debug\link.3024.read.1.tlog
C:\Users\CaiLin\documents\visual studio 2012\Projects\Regex-NFA\Regex-NFA\Debug\link.3024.write.1.tlog
C:\Users\CaiLin\documents\visual studio 2012\Projects\Regex-NFA\Regex-NFA\Debug\link.3956-cvtres.read.1.tlog
C:\Users\CaiLin\documents\visual studio 2012\Projects\Regex-NFA\Regex-NFA\Debug\link.3956-cvtres.write.1.tlog
C:\Users\CaiLin\documents\visual studio 2012\Projects\Regex-NFA\Regex-NFA\Debug\link.3956-rc.read.1.tlog
C:\Users\CaiLin\documents\visual studio 2012\Projects\Regex-NFA\Regex-NFA\Debug\link.3956-rc.write.1.tlog
C:\Users\CaiLin\documents\visual studio 2012\Projects\Regex-NFA\Regex-NFA\Debug\link.3956.read.1.tlog
C:\Users\CaiLin\documents\visual studio 2012\Projects\Regex-NFA\Regex-NFA\Debug\link.3956.write.1.tlog
C:\Users\CaiLin\documents\visual studio 2012\Projects\Regex-NFA\Regex-NFA\Debug\link.3960-cvtres.read.1.tlog
C:\Users\CaiLin\documents\visual studio 2012\Projects\Regex-NFA\Regex-NFA\Debug\link.3960-cvtres.write.1.tlog
C:\Users\CaiLin\documents\visual studio 2012\Projects\Regex-NFA\Regex-NFA\Debug\link.3960-rc.read.1.tlog
C:\Users\CaiLin\documents\visual studio 2012\Projects\Regex-NFA\Regex-NFA\Debug\link.3960-rc.write.1.tlog
C:\Users\CaiLin\documents\visual studio 2012\Projects\Regex-NFA\Regex-NFA\Debug\link.3960.read.1.tlog
C:\Users\CaiLin\documents\visual studio 2012\Projects\Regex-NFA\Regex-NFA\Debug\link.3960.write.1.tlog
C:\Users\CaiLin\documents\visual studio 2012\Projects\Regex-NFA\Regex-NFA\Debug\link.4444-cvtres.read.1.tlog
C:\Users\CaiLin\documents\visual studio 2012\Projects\Regex-NFA\Regex-NFA\Debug\link.4444-cvtres.write.1.tlog
C:\Users\CaiLin\documents\visual studio 2012\Projects\Regex-NFA\Regex-NFA\Debug\link.4444-rc.read.1.tlog
C:\Users\CaiLin\documents\visual studio 2012\Projects\Regex-NFA\Regex-NFA\Debug\link.4444-rc.write.1.tlog
C:\Users\CaiLin\documents\visual studio 2012\Projects\Regex-NFA\Regex-NFA\Debug\link.4444.read.1.tlog
C:\Users\CaiLin\documents\visual studio 2012\Projects\Regex-NFA\Regex-NFA\Debug\link.4444.write.1.tlog
C:\Users\CaiLin\documents\visual studio 2012\Projects\Regex-NFA\Regex-NFA\Debug\link.4700-cvtres.read.1.tlog
C:\Users\CaiLin\documents\visual studio 2012\Projects\Regex-NFA\Regex-NFA\Debug\link.4700-cvtres.write.1.tlog
C:\Users\CaiLin\documents\visual studio 2012\Projects\Regex-NFA\Regex-NFA\Debug\link.4700-rc.read.1.tlog
C:\Users\CaiLin\documents\visual studio 2012\Projects\Regex-NFA\Regex-NFA\Debug\link.4700-rc.write.1.tlog
C:\Users\CaiLin\documents\visual studio 2012\Projects\Regex-NFA\Regex-NFA\Debug\link.4700.read.1.tlog
C:\Users\CaiLin\documents\visual studio 2012\Projects\Regex-NFA\Regex-NFA\Debug\link.4700.write.1.tlog
C:\Users\CaiLin\documents\visual studio 2012\Projects\Regex-NFA\Regex-NFA\Debug\link.4952-cvtres.read.1.tlog
C:\Users\CaiLin\documents\visual studio 2012\Projects\Regex-NFA\Regex-NFA\Debug\link.4952-cvtres.write.1.tlog
C:\Users\CaiLin\documents\visual studio 2012\Projects\Regex-NFA\Regex-NFA\Debug\link.4952-rc.read.1.tlog
C:\Users\CaiLin\documents\visual studio 2012\Projects\Regex-NFA\Regex-NFA\Debug\link.4952-rc.write.1.tlog
C:\Users\CaiLin\documents\visual studio 2012\Projects\Regex-NFA\Regex-NFA\Debug\link.4952.read.1.tlog
C:\Users\CaiLin\documents\visual studio 2012\Projects\Regex-NFA\Regex-NFA\Debug\link.4952.write.1.tlog
C:\Users\CaiLin\documents\visual studio 2012\Projects\Regex-NFA\Regex-NFA\Debug\link.4964-cvtres.read.1.tlog
C:\Users\CaiLin\documents\visual studio 2012\Projects\Regex-NFA\Regex-NFA\Debug\link.4964-cvtres.write.1.tlog
C:\Users\CaiLin\documents\visual studio 2012\Projects\Regex-NFA\Regex-NFA\Debug\link.4964-rc.read.1.tlog
C:\Users\CaiLin\documents\visual studio 2012\Projects\Regex-NFA\Regex-NFA\Debug\link.4964-rc.write.1.tlog
C:\Users\CaiLin\documents\visual studio 2012\Projects\Regex-NFA\Regex-NFA\Debug\link.4964.read.1.tlog
C:\Users\CaiLin\documents\visual studio 2012\Projects\Regex-NFA\Regex-NFA\Debug\link.4964.write.1.tlog
C:\Users\CaiLin\documents\visual studio 2012\Projects\Regex-NFA\Regex-NFA\Debug\link.5276-cvtres.read.1.tlog
C:\Users\CaiLin\documents\visual studio 2012\Projects\Regex-NFA\Regex-NFA\Debug\link.5276-cvtres.write.1.tlog
C:\Users\CaiLin\documents\visual studio 2012\Projects\Regex-NFA\Regex-NFA\Debug\link.5276-rc.read.1.tlog
C:\Users\CaiLin\documents\visual studio 2012\Projects\Regex-NFA\Regex-NFA\Debug\link.5276-rc.write.1.tlog
C:\Users\CaiLin\documents\visual studio 2012\Projects\Regex-NFA\Regex-NFA\Debug\link.5276.read.1.tlog
C:\Users\CaiLin\documents\visual studio 2012\Projects\Regex-NFA\Regex-NFA\Debug\link.5276.write.1.tlog
C:\Users\CaiLin\documents\visual studio 2012\Projects\Regex-NFA\Regex-NFA\Debug\link.5480-cvtres.read.1.tlog
C:\Users\CaiLin\documents\visual studio 2012\Projects\Regex-NFA\Regex-NFA\Debug\link.5480-cvtres.write.1.tlog
C:\Users\CaiLin\documents\visual studio 2012\Projects\Regex-NFA\Regex-NFA\Debug\link.5480-rc.read.1.tlog
C:\Users\CaiLin\documents\visual studio 2012\Projects\Regex-NFA\Regex-NFA\Debug\link.5480-rc.write.1.tlog
C:\Users\CaiLin\documents\visual studio 2012\Projects\Regex-NFA\Regex-NFA\Debug\link.5480.read.1.tlog
C:\Users\CaiLin\documents\visual studio 2012\Projects\Regex-NFA\Regex-NFA\Debug\link.5480.write.1.tlog
C:\Users\CaiLin\documents\visual studio 2012\Projects\Regex-NFA\Regex-NFA\Debug\link.5540-cvtres.read.1.tlog
C:\Users\CaiLin\documents\visual studio 2012\Projects\Regex-NFA\Regex-NFA\Debug\link.5540-cvtres.write.1.tlog
C:\Users\CaiLin\documents\visual studio 2012\Projects\Regex-NFA\Regex-NFA\Debug\link.5540-rc.read.1.tlog
C:\Users\CaiLin\documents\visual studio 2012\Projects\Regex-NFA\Regex-NFA\Debug\link.5540-rc.write.1.tlog
C:\Users\CaiLin\documents\visual studio 2012\Projects\Regex-NFA\Regex-NFA\Debug\link.5540.read.1.tlog
C:\Users\CaiLin\documents\visual studio 2012\Projects\Regex-NFA\Regex-NFA\Debug\link.5540.write.1.tlog
C:\Users\CaiLin\documents\visual studio 2012\Projects\Regex-NFA\Regex-NFA\Debug\link.5808-cvtres.read.1.tlog
C:\Users\CaiLin\documents\visual studio 2012\Projects\Regex-NFA\Regex-NFA\Debug\link.5808-cvtres.write.1.tlog
C:\Users\CaiLin\documents\visual studio 2012\Projects\Regex-NFA\Regex-NFA\Debug\link.5808-rc.read.1.tlog
C:\Users\CaiLin\documents\visual studio 2012\Projects\Regex-NFA\Regex-NFA\Debug\link.5808-rc.write.1.tlog
C:\Users\CaiLin\documents\visual studio 2012\Projects\Regex-NFA\Regex-NFA\Debug\link.5808.read.1.tlog
C:\Users\CaiLin\documents\visual studio 2012\Projects\Regex-NFA\Regex-NFA\Debug\link.5808.write.1.tlog
C:\Users\CaiLin\documents\visual studio 2012\Projects\Regex-NFA\Regex-NFA\Debug\link.6708-cvtres.read.1.tlog
C:\Users\CaiLin\documents\visual studio 2012\Projects\Regex-NFA\Regex-NFA\Debug\link.6708-cvtres.write.1.tlog
C:\Users\CaiLin\documents\visual studio 2012\Projects\Regex-NFA\Regex-NFA\Debug\link.6708-rc.read.1.tlog
C:\Users\CaiLin\documents\visual studio 2012\Projects\Regex-NFA\Regex-NFA\Debug\link.6708-rc.write.1.tlog
C:\Users\CaiLin\documents\visual studio 2012\Projects\Regex-NFA\Regex-NFA\Debug\link.6708.read.1.tlog
C:\Users\CaiLin\documents\visual studio 2012\Projects\Regex-NFA\Regex-NFA\Debug\link.6708.write.1.tlog
C:\Users\CaiLin\documents\visual studio 2012\Projects\Regex-NFA\Regex-NFA\Debug\link.6880-cvtres.read.1.tlog
C:\Users\CaiLin\documents\visual studio 2012\Projects\Regex-NFA\Regex-NFA\Debug\link.6880-cvtres.write.1.tlog
C:\Users\CaiLin\documents\visual studio 2012\Projects\Regex-NFA\Regex-NFA\Debug\link.6880-rc.read.1.tlog
C:\Users\CaiLin\documents\visual studio 2012\Projects\Regex-NFA\Regex-NFA\Debug\link.6880-rc.write.1.tlog
C:\Users\CaiLin\documents\visual studio 2012\Projects\Regex-NFA\Regex-NFA\Debug\link.6880.read.1.tlog
C:\Users\CaiLin\documents\visual studio 2012\Projects\Regex-NFA\Regex-NFA\Debug\link.6880.write.1.tlog
C:\Users\CaiLin\documents\visual studio 2012\Projects\Regex-NFA\Regex-NFA\Debug\link.7412-cvtres.read.1.tlog
C:\Users\CaiLin\documents\visual studio 2012\Projects\Regex-NFA\Regex-NFA\Debug\link.7412-cvtres.write.1.tlog
C:\Users\CaiLin\documents\visual studio 2012\Projects\Regex-NFA\Regex-NFA\Debug\link.7412-rc.read.1.tlog
C:\Users\CaiLin\documents\visual studio 2012\Projects\Regex-NFA\Regex-NFA\Debug\link.7412-rc.write.1.tlog
C:\Users\CaiLin\documents\visual studio 2012\Projects\Regex-NFA\Regex-NFA\Debug\link.7412.read.1.tlog
C:\Users\CaiLin\documents\visual studio 2012\Projects\Regex-NFA\Regex-NFA\Debug\link.7412.write.1.tlog
C:\Users\CaiLin\documents\visual studio 2012\Projects\Regex-NFA\Regex-NFA\Debug\link.7700-cvtres.read.1.tlog
C:\Users\CaiLin\documents\visual studio 2012\Projects\Regex-NFA\Regex-NFA\Debug\link.7700-cvtres.write.1.tlog
C:\Users\CaiLin\documents\visual studio 2012\Projects\Regex-NFA\Regex-NFA\Debug\link.7700-rc.read.1.tlog
C:\Users\CaiLin\documents\visual studio 2012\Projects\Regex-NFA\Regex-NFA\Debug\link.7700-rc.write.1.tlog
C:\Users\CaiLin\documents\visual studio 2012\Projects\Regex-NFA\Regex-NFA\Debug\link.7700.read.1.tlog
C:\Users\CaiLin\documents\visual studio 2012\Projects\Regex-NFA\Regex-NFA\Debug\link.7700.write.1.tlog
C:\Users\CaiLin\documents\visual studio 2012\Projects\Regex-NFA\Regex-NFA\Debug\link.928-cvtres.read.1.tlog
C:\Users\CaiLin\documents\visual studio 2012\Projects\Regex-NFA\Regex-NFA\Debug\link.928-cvtres.write.1.tlog
C:\Users\CaiLin\documents\visual studio 2012\Projects\Regex-NFA\Regex-NFA\Debug\link.928-rc.read.1.tlog
C:\Users\CaiLin\documents\visual studio 2012\Projects\Regex-NFA\Regex-NFA\Debug\link.928-rc.write.1.tlog
C:\Users\CaiLin\documents\visual studio 2012\Projects\Regex-NFA\Regex-NFA\Debug\link.928.read.1.tlog
C:\Users\CaiLin\documents\visual studio 2012\Projects\Regex-NFA\Regex-NFA\Debug\link.928.write.1.tlog
C:\Users\CaiLin\documents\visual studio 2012\Projects\Regex-NFA\Regex-NFA\Debug\link.command.1.tlog
C:\Users\CaiLin\documents\visual studio 2012\Projects\Regex-NFA\Regex-NFA\Debug\link.read.1.tlog
C:\Users\CaiLin\documents\visual studio 2012\Projects\Regex-NFA\Regex-NFA\Debug\link.write.1.tlog
C:\Users\CaiLin\documents\visual studio 2012\Projects\Regex-NFA\Regex-NFA\Debug\vc110.idb
C:\Users\CaiLin\documents\visual studio 2012\Projects\Regex-NFA\Regex-NFA\Debug\vc110.pdb
C:\Users\CaiLin\documents\visual studio 2012\Projects\Regex-NFA\Debug\Regex-NFA.pdb
